This file contains any messages produced by compilers while
running configure, to aid debugging if configure makes a mistake.

It was created by SWDiag configure trunk-r32, which was
generated by GNU Autoconf 2.69.  Invocation command line was

  $ ../configure 

## --------- ##
## Platform. ##
## --------- ##

hostname = dinkum
uname -m = x86_64
uname -r = 3.11.0-12-generic
uname -s = Linux
uname -v = #19-Ubuntu SMP Wed Oct 9 16:20:46 UTC 2013

/usr/bin/uname -p = unknown
/bin/uname -X     = unknown

/bin/arch              = unknown
/usr/bin/arch -k       = unknown
/usr/convex/getsysinfo = unknown
/usr/bin/hostinfo      = unknown
/bin/machine           = unknown
/usr/bin/oslevel       = unknown
/bin/universe          = unknown

PATH: /usr/lib/lightdm/lightdm
PATH: /usr/local/sbin
PATH: /usr/local/bin
PATH: /usr/sbin
PATH: /usr/bin
PATH: /sbin
PATH: /bin
PATH: /usr/games
PATH: /usr/local/games


## ----------- ##
## Core tests. ##
## ----------- ##

configure:2664:
  -->
  --> Configuring SWDiag trunk-r32
  -->
configure:2715: checking for a BSD-compatible install
configure:2783: result: /usr/bin/install -c
configure:2794: checking whether build environment is sane
configure:2849: result: yes
configure:3000: checking for a thread-safe mkdir -p
configure:3039: result: /bin/mkdir -p
configure:3046: checking for gawk
configure:3076: result: no
configure:3046: checking for mawk
configure:3062: found /usr/bin/mawk
configure:3073: result: mawk
configure:3084: checking whether make sets $(MAKE)
configure:3106: result: yes
configure:3135: checking whether make supports nested variables
configure:3152: result: yes
configure:3247: checking build system type
configure:3261: result: x86_64-unknown-linux-gnu
configure:3281: checking host system type
configure:3294: result: x86_64-unknown-linux-gnu
configure:3437: checking for g++
configure:3453: found /usr/bin/g++
configure:3464: result: g++
configure:3491: checking for C++ compiler version
configure:3500: g++ --version >&5
g++ (Ubuntu/Linaro 4.8.1-10ubuntu9) 4.8.1
Copyright (C) 2013 Free Software Foundation, Inc.
This is free software; see the source for copying conditions.  There is NO
warranty; not even for MERCHANTABILITY or FITNESS FOR A PARTICULAR PURPOSE.

configure:3511: $? = 0
configure:3500: g++ -v >&5
Using built-in specs.
COLLECT_GCC=g++
COLLECT_LTO_WRAPPER=/usr/lib/gcc/x86_64-linux-gnu/4.8/lto-wrapper
Target: x86_64-linux-gnu
Configured with: ../src/configure -v --with-pkgversion='Ubuntu/Linaro 4.8.1-10ubuntu9' --with-bugurl=file:///usr/share/doc/gcc-4.8/README.Bugs --enable-languages=c,c++,java,go,d,fortran,objc,obj-c++ --prefix=/usr --program-suffix=-4.8 --enable-shared --enable-linker-build-id --libexecdir=/usr/lib --without-included-gettext --enable-threads=posix --with-gxx-include-dir=/usr/include/c++/4.8 --libdir=/usr/lib --enable-nls --with-sysroot=/ --enable-clocale=gnu --enable-libstdcxx-debug --enable-libstdcxx-time=yes --enable-gnu-unique-object --enable-plugin --with-system-zlib --disable-browser-plugin --enable-java-awt=gtk --enable-gtk-cairo --with-java-home=/usr/lib/jvm/java-1.5.0-gcj-4.8-amd64/jre --enable-java-home --with-jvm-root-dir=/usr/lib/jvm/java-1.5.0-gcj-4.8-amd64 --with-jvm-jar-dir=/usr/lib/jvm-exports/java-1.5.0-gcj-4.8-amd64 --with-arch-directory=amd64 --with-ecj-jar=/usr/share/java/eclipse-ecj.jar --enable-objc-gc --enable-multiarch --disable-werror --with-arch-32=i686 --with-abi=m64 --with-multilib-list=m32,m64,mx32 --with-tune=generic --enable-checking=release --build=x86_64-linux-gnu --host=x86_64-linux-gnu --target=x86_64-linux-gnu
Thread model: posix
gcc version 4.8.1 (Ubuntu/Linaro 4.8.1-10ubuntu9) 
configure:3511: $? = 0
configure:3500: g++ -V >&5
g++: error: unrecognized command line option '-V'
g++: fatal error: no input files
compilation terminated.
configure:3511: $? = 4
configure:3500: g++ -qversion >&5
g++: error: unrecognized command line option '-qversion'
g++: fatal error: no input files
compilation terminated.
configure:3511: $? = 4
configure:3531: checking whether the C++ compiler works
configure:3553: g++    conftest.cpp  >&5
configure:3557: $? = 0
configure:3605: result: yes
configure:3608: checking for C++ compiler default output file name
configure:3610: result: a.out
configure:3616: checking for suffix of executables
configure:3623: g++ -o conftest    conftest.cpp  >&5
configure:3627: $? = 0
configure:3649: result: 
configure:3671: checking whether we are cross compiling
configure:3679: g++ -o conftest    conftest.cpp  >&5
configure:3683: $? = 0
configure:3690: ./conftest
configure:3694: $? = 0
configure:3709: result: no
configure:3714: checking for suffix of object files
configure:3736: g++ -c   conftest.cpp >&5
configure:3740: $? = 0
configure:3761: result: o
configure:3765: checking whether we are using the GNU C++ compiler
configure:3784: g++ -c   conftest.cpp >&5
configure:3784: $? = 0
configure:3793: result: yes
configure:3802: checking whether g++ accepts -g
configure:3822: g++ -c -g  conftest.cpp >&5
configure:3822: $? = 0
configure:3863: result: yes
configure:3897: checking for style of include used by make
configure:3925: result: GNU
configure:3951: checking dependency style of g++
configure:4062: result: none
configure:4126: checking for gcc
configure:4142: found /usr/bin/gcc
configure:4153: result: gcc
configure:4382: checking for C compiler version
configure:4391: gcc --version >&5
gcc (Ubuntu/Linaro 4.8.1-10ubuntu9) 4.8.1
Copyright (C) 2013 Free Software Foundation, Inc.
This is free software; see the source for copying conditions.  There is NO
warranty; not even for MERCHANTABILITY or FITNESS FOR A PARTICULAR PURPOSE.

configure:4402: $? = 0
configure:4391: gcc -v >&5
Using built-in specs.
COLLECT_GCC=gcc
COLLECT_LTO_WRAPPER=/usr/lib/gcc/x86_64-linux-gnu/4.8/lto-wrapper
Target: x86_64-linux-gnu
Configured with: ../src/configure -v --with-pkgversion='Ubuntu/Linaro 4.8.1-10ubuntu9' --with-bugurl=file:///usr/share/doc/gcc-4.8/README.Bugs --enable-languages=c,c++,java,go,d,fortran,objc,obj-c++ --prefix=/usr --program-suffix=-4.8 --enable-shared --enable-linker-build-id --libexecdir=/usr/lib --without-included-gettext --enable-threads=posix --with-gxx-include-dir=/usr/include/c++/4.8 --libdir=/usr/lib --enable-nls --with-sysroot=/ --enable-clocale=gnu --enable-libstdcxx-debug --enable-libstdcxx-time=yes --enable-gnu-unique-object --enable-plugin --with-system-zlib --disable-browser-plugin --enable-java-awt=gtk --enable-gtk-cairo --with-java-home=/usr/lib/jvm/java-1.5.0-gcj-4.8-amd64/jre --enable-java-home --with-jvm-root-dir=/usr/lib/jvm/java-1.5.0-gcj-4.8-amd64 --with-jvm-jar-dir=/usr/lib/jvm-exports/java-1.5.0-gcj-4.8-amd64 --with-arch-directory=amd64 --with-ecj-jar=/usr/share/java/eclipse-ecj.jar --enable-objc-gc --enable-multiarch --disable-werror --with-arch-32=i686 --with-abi=m64 --with-multilib-list=m32,m64,mx32 --with-tune=generic --enable-checking=release --build=x86_64-linux-gnu --host=x86_64-linux-gnu --target=x86_64-linux-gnu
Thread model: posix
gcc version 4.8.1 (Ubuntu/Linaro 4.8.1-10ubuntu9) 
configure:4402: $? = 0
configure:4391: gcc -V >&5
gcc: error: unrecognized command line option '-V'
gcc: fatal error: no input files
compilation terminated.
configure:4402: $? = 4
configure:4391: gcc -qversion >&5
gcc: error: unrecognized command line option '-qversion'
gcc: fatal error: no input files
compilation terminated.
configure:4402: $? = 4
configure:4406: checking whether we are using the GNU C compiler
configure:4425: gcc -c   conftest.c >&5
configure:4425: $? = 0
configure:4434: result: yes
configure:4443: checking whether gcc accepts -g
configure:4463: gcc -c -g  conftest.c >&5
configure:4463: $? = 0
configure:4504: result: yes
configure:4521: checking for gcc option to accept ISO C89
configure:4584: gcc  -c -g -O2  conftest.c >&5
configure:4584: $? = 0
configure:4597: result: none needed
configure:4619: checking dependency style of gcc
configure:4730: result: none
configure:4750: checking how to run the C preprocessor
configure:4781: gcc -E  conftest.c
configure:4781: $? = 0
configure:4795: gcc -E  conftest.c
conftest.c:11:28: fatal error: ac_nonexistent.h: No such file or directory
 #include <ac_nonexistent.h>
                            ^
compilation terminated.
configure:4795: $? = 1
configure: failed program was:
| /* confdefs.h */
| #define PACKAGE_NAME "SWDiag"
| #define PACKAGE_TARNAME "swdiag"
| #define PACKAGE_VERSION "trunk-r32"
| #define PACKAGE_STRING "SWDiag trunk-r32"
| #define PACKAGE_BUGREPORT "eddyg@myreflection.org"
| #define PACKAGE_URL ""
| #define PACKAGE "swdiag"
| #define VERSION "trunk-r32"
| /* end confdefs.h.  */
| #include <ac_nonexistent.h>
configure:4820: result: gcc -E
configure:4840: gcc -E  conftest.c
configure:4840: $? = 0
configure:4854: gcc -E  conftest.c
conftest.c:11:28: fatal error: ac_nonexistent.h: No such file or directory
 #include <ac_nonexistent.h>
                            ^
compilation terminated.
configure:4854: $? = 1
configure: failed program was:
| /* confdefs.h */
| #define PACKAGE_NAME "SWDiag"
| #define PACKAGE_TARNAME "swdiag"
| #define PACKAGE_VERSION "trunk-r32"
| #define PACKAGE_STRING "SWDiag trunk-r32"
| #define PACKAGE_BUGREPORT "eddyg@myreflection.org"
| #define PACKAGE_URL ""
| #define PACKAGE "swdiag"
| #define VERSION "trunk-r32"
| /* end confdefs.h.  */
| #include <ac_nonexistent.h>
configure:4883: checking whether ln -s works
configure:4887: result: yes
configure:4894: checking whether make sets $(MAKE)
configure:4916: result: yes
configure:4972: checking how to print strings
configure:4999: result: printf
configure:5020: checking for a sed that does not truncate output
configure:5084: result: /bin/sed
configure:5102: checking for grep that handles long lines and -e
configure:5160: result: /bin/grep
configure:5165: checking for egrep
configure:5227: result: /bin/grep -E
configure:5232: checking for fgrep
configure:5294: result: /bin/grep -F
configure:5329: checking for ld used by gcc
configure:5396: result: /usr/bin/ld
configure:5403: checking if the linker (/usr/bin/ld) is GNU ld
configure:5418: result: yes
configure:5430: checking for BSD- or MS-compatible name lister (nm)
configure:5479: result: /usr/bin/nm -B
configure:5609: checking the name lister (/usr/bin/nm -B) interface
configure:5616: gcc -c -g -O2  conftest.c >&5
configure:5619: /usr/bin/nm -B "conftest.o"
configure:5622: output
0000000000000000 B some_variable
configure:5629: result: BSD nm
configure:5633: checking the maximum length of command line arguments
configure:5764: result: 1572864
configure:5781: checking whether the shell understands some XSI constructs
configure:5791: result: yes
configure:5795: checking whether the shell understands "+="
configure:5801: result: yes
configure:5836: checking how to convert x86_64-unknown-linux-gnu file names to x86_64-unknown-linux-gnu format
configure:5876: result: func_convert_file_noop
configure:5883: checking how to convert x86_64-unknown-linux-gnu file names to toolchain format
configure:5903: result: func_convert_file_noop
configure:5910: checking for /usr/bin/ld option to reload object files
configure:5917: result: -r
configure:5991: checking for objdump
configure:6007: found /usr/bin/objdump
configure:6018: result: objdump
configure:6050: checking how to recognize dependent libraries
configure:6248: result: pass_all
configure:6333: checking for dlltool
configure:6363: result: no
configure:6393: checking how to associate runtime and link libraries
configure:6420: result: printf %s\n
configure:6481: checking for ar
configure:6497: found /usr/bin/ar
configure:6508: result: ar
configure:6545: checking for archiver @FILE support
configure:6562: gcc -c -g -O2  conftest.c >&5
configure:6562: $? = 0
configure:6565: ar cru libconftest.a @conftest.lst >&5
configure:6568: $? = 0
configure:6573: ar cru libconftest.a @conftest.lst >&5
ar: conftest.o: No such file or directory
configure:6576: $? = 1
configure:6588: result: @
configure:6646: checking for strip
configure:6662: found /usr/bin/strip
configure:6673: result: strip
configure:6745: checking for ranlib
configure:6761: found /usr/bin/ranlib
configure:6772: result: ranlib
configure:6874: checking command to parse /usr/bin/nm -B output from gcc object
configure:6994: gcc -c -g -O2  conftest.c >&5
configure:6997: $? = 0
configure:7001: /usr/bin/nm -B conftest.o \| sed -n -e 's/^.*[ ]\([ABCDGIRSTW][ABCDGIRSTW]*\)[ ][ ]*\([_A-Za-z][_A-Za-z0-9]*\)$/\1 \2 \2/p' | sed '/ __gnu_lto/d' \> conftest.nm
configure:7004: $? = 0
configure:7070: gcc -o conftest -g -O2   conftest.c conftstm.o >&5
configure:7073: $? = 0
configure:7111: result: ok
configure:7148: checking for sysroot
configure:7178: result: no
configure:7255: gcc -c -g -O2  conftest.c >&5
configure:7258: $? = 0
configure:7441: checking for mt
configure:7457: found /bin/mt
configure:7468: result: mt
configure:7491: checking if mt is a manifest tool
configure:7497: mt '-?'
configure:7505: result: no
configure:8143: checking for ANSI C header files
configure:8163: gcc -c -g -O2  conftest.c >&5
configure:8163: $? = 0
configure:8236: gcc -o conftest -g -O2   conftest.c  >&5
configure:8236: $? = 0
configure:8236: ./conftest
configure:8236: $? = 0
configure:8247: result: yes
configure:8260: checking for sys/types.h
configure:8260: gcc -c -g -O2  conftest.c >&5
configure:8260: $? = 0
configure:8260: result: yes
configure:8260: checking for sys/stat.h
configure:8260: gcc -c -g -O2  conftest.c >&5
configure:8260: $? = 0
configure:8260: result: yes
configure:8260: checking for stdlib.h
configure:8260: gcc -c -g -O2  conftest.c >&5
configure:8260: $? = 0
configure:8260: result: yes
configure:8260: checking for string.h
configure:8260: gcc -c -g -O2  conftest.c >&5
configure:8260: $? = 0
configure:8260: result: yes
configure:8260: checking for memory.h
configure:8260: gcc -c -g -O2  conftest.c >&5
configure:8260: $? = 0
configure:8260: result: yes
configure:8260: checking for strings.h
configure:8260: gcc -c -g -O2  conftest.c >&5
configure:8260: $? = 0
configure:8260: result: yes
configure:8260: checking for inttypes.h
configure:8260: gcc -c -g -O2  conftest.c >&5
configure:8260: $? = 0
configure:8260: result: yes
configure:8260: checking for stdint.h
configure:8260: gcc -c -g -O2  conftest.c >&5
configure:8260: $? = 0
configure:8260: result: yes
configure:8260: checking for unistd.h
configure:8260: gcc -c -g -O2  conftest.c >&5
configure:8260: $? = 0
configure:8260: result: yes
configure:8274: checking for dlfcn.h
configure:8274: gcc -c -g -O2  conftest.c >&5
configure:8274: $? = 0
configure:8274: result: yes
configure:8491: checking for objdir
configure:8506: result: .libs
configure:8773: checking if gcc supports -fno-rtti -fno-exceptions
configure:8791: gcc -c -g -O2  -fno-rtti -fno-exceptions conftest.c >&5
cc1: warning: command line option '-fno-rtti' is valid for C++/ObjC++ but not for C [enabled by default]
configure:8795: $? = 0
configure:8808: result: no
configure:9135: checking for gcc option to produce PIC
configure:9142: result: -fPIC -DPIC
configure:9150: checking if gcc PIC flag -fPIC -DPIC works
configure:9168: gcc -c -g -O2  -fPIC -DPIC -DPIC conftest.c >&5
configure:9172: $? = 0
configure:9185: result: yes
configure:9214: checking if gcc static flag -static works
configure:9242: result: yes
configure:9257: checking if gcc supports -c -o file.o
configure:9278: gcc -c -g -O2  -o out/conftest2.o conftest.c >&5
configure:9282: $? = 0
configure:9304: result: yes
configure:9312: checking if gcc supports -c -o file.o
configure:9359: result: yes
configure:9392: checking whether the gcc linker (/usr/bin/ld -m elf_x86_64) supports shared libraries
configure:10549: result: yes
configure:10586: checking whether -lc should be explicitly linked in
configure:10594: gcc -c -g -O2  conftest.c >&5
configure:10597: $? = 0
configure:10612: gcc -shared  -fPIC -DPIC conftest.o  -v -Wl,-soname -Wl,conftest -o conftest 2\>\&1 \| /bin/grep  -lc  \>/dev/null 2\>\&1
configure:10615: $? = 0
configure:10629: result: no
configure:10789: checking dynamic linker characteristics
configure:11289: gcc -o conftest -g -O2   -Wl,-rpath -Wl,/foo conftest.c  >&5
configure:11289: $? = 0
configure:11523: result: GNU/Linux ld.so
configure:11630: checking how to hardcode library paths into programs
configure:11655: result: immediate
configure:12195: checking whether stripping libraries is possible
configure:12200: result: yes
configure:12235: checking if libtool supports shared libraries
configure:12237: result: yes
configure:12240: checking whether to build shared libraries
configure:12261: result: yes
configure:12264: checking whether to build static libraries
configure:12268: result: yes
configure:12291: checking how to run the C++ preprocessor
configure:12318: g++ -E  conftest.cpp
configure:12318: $? = 0
configure:12332: g++ -E  conftest.cpp
conftest.cpp:23:28: fatal error: ac_nonexistent.h: No such file or directory
 #include <ac_nonexistent.h>
                            ^
compilation terminated.
configure:12332: $? = 1
configure: failed program was:
| /* confdefs.h */
| #define PACKAGE_NAME "SWDiag"
| #define PACKAGE_TARNAME "swdiag"
| #define PACKAGE_VERSION "trunk-r32"
| #define PACKAGE_STRING "SWDiag trunk-r32"
| #define PACKAGE_BUGREPORT "eddyg@myreflection.org"
| #define PACKAGE_URL ""
| #define PACKAGE "swdiag"
| #define VERSION "trunk-r32"
| #define STDC_HEADERS 1
| #define HAVE_SYS_TYPES_H 1
| #define HAVE_SYS_STAT_H 1
| #define HAVE_STDLIB_H 1
| #define HAVE_STRING_H 1
| #define HAVE_MEMORY_H 1
| #define HAVE_STRINGS_H 1
| #define HAVE_INTTYPES_H 1
| #define HAVE_STDINT_H 1
| #define HAVE_UNISTD_H 1
| #define HAVE_DLFCN_H 1
| #define LT_OBJDIR ".libs/"
| /* end confdefs.h.  */
| #include <ac_nonexistent.h>
configure:12357: result: g++ -E
configure:12377: g++ -E  conftest.cpp
configure:12377: $? = 0
configure:12391: g++ -E  conftest.cpp
conftest.cpp:23:28: fatal error: ac_nonexistent.h: No such file or directory
 #include <ac_nonexistent.h>
                            ^
compilation terminated.
configure:12391: $? = 1
configure: failed program was:
| /* confdefs.h */
| #define PACKAGE_NAME "SWDiag"
| #define PACKAGE_TARNAME "swdiag"
| #define PACKAGE_VERSION "trunk-r32"
| #define PACKAGE_STRING "SWDiag trunk-r32"
| #define PACKAGE_BUGREPORT "eddyg@myreflection.org"
| #define PACKAGE_URL ""
| #define PACKAGE "swdiag"
| #define VERSION "trunk-r32"
| #define STDC_HEADERS 1
| #define HAVE_SYS_TYPES_H 1
| #define HAVE_SYS_STAT_H 1
| #define HAVE_STDLIB_H 1
| #define HAVE_STRING_H 1
| #define HAVE_MEMORY_H 1
| #define HAVE_STRINGS_H 1
| #define HAVE_INTTYPES_H 1
| #define HAVE_STDINT_H 1
| #define HAVE_UNISTD_H 1
| #define HAVE_DLFCN_H 1
| #define LT_OBJDIR ".libs/"
| /* end confdefs.h.  */
| #include <ac_nonexistent.h>
configure:12560: checking for ld used by g++
configure:12627: result: /usr/bin/ld -m elf_x86_64
configure:12634: checking if the linker (/usr/bin/ld -m elf_x86_64) is GNU ld
configure:12649: result: yes
configure:12704: checking whether the g++ linker (/usr/bin/ld -m elf_x86_64) supports shared libraries
configure:13706: result: yes
configure:13742: g++ -c -g -O2  conftest.cpp >&5
configure:13745: $? = 0
configure:14265: checking for g++ option to produce PIC
configure:14272: result: -fPIC -DPIC
configure:14280: checking if g++ PIC flag -fPIC -DPIC works
configure:14298: g++ -c -g -O2  -fPIC -DPIC -DPIC conftest.cpp >&5
configure:14302: $? = 0
configure:14315: result: yes
configure:14338: checking if g++ static flag -static works
configure:14366: result: yes
configure:14378: checking if g++ supports -c -o file.o
configure:14399: g++ -c -g -O2  -o out/conftest2.o conftest.cpp >&5
configure:14403: $? = 0
configure:14425: result: yes
configure:14430: checking if g++ supports -c -o file.o
configure:14477: result: yes
configure:14507: checking whether the g++ linker (/usr/bin/ld -m elf_x86_64) supports shared libraries
configure:14546: result: yes
configure:14687: checking dynamic linker characteristics
configure:15355: result: GNU/Linux ld.so
configure:15408: checking how to hardcode library paths into programs
configure:15433: result: immediate
configure:15495: checking whether gcc and cc understand -c and -o together
configure:15526: gcc -c conftest.c -o conftest2.o >&5
configure:15530: $? = 0
configure:15536: gcc -c conftest.c -o conftest2.o >&5
configure:15540: $? = 0
configure:15551: cc -c conftest.c >&5
configure:15555: $? = 0
configure:15563: cc -c conftest.c -o conftest2.o >&5
configure:15567: $? = 0
configure:15573: cc -c conftest.c -o conftest2.o >&5
configure:15577: $? = 0
configure:15595: result: yes
configure:15627: checking SWDiag platform portability
configure:15651: result: posix
configure:15734: checking for ANSI C header files
configure:15838: result: yes
configure:15849: checking fcntl.h usability
configure:15849: gcc -c -g -O2  conftest.c >&5
configure:15849: $? = 0
configure:15849: result: yes
configure:15849: checking fcntl.h presence
configure:15849: gcc -E  conftest.c
configure:15849: $? = 0
configure:15849: result: yes
configure:15849: checking for fcntl.h
configure:15849: result: yes
configure:15849: checking malloc.h usability
configure:15849: gcc -c -g -O2  conftest.c >&5
configure:15849: $? = 0
configure:15849: result: yes
configure:15849: checking malloc.h presence
configure:15849: gcc -E  conftest.c
configure:15849: $? = 0
configure:15849: result: yes
configure:15849: checking for malloc.h
configure:15849: result: yes
configure:15849: checking netdb.h usability
configure:15849: gcc -c -g -O2  conftest.c >&5
configure:15849: $? = 0
configure:15849: result: yes
configure:15849: checking netdb.h presence
configure:15849: gcc -E  conftest.c
configure:15849: $? = 0
configure:15849: result: yes
configure:15849: checking for netdb.h
configure:15849: result: yes
configure:15849: checking for stdint.h
configure:15849: result: yes
configure:15849: checking for stdlib.h
configure:15849: result: yes
configure:15849: checking for string.h
configure:15849: result: yes
configure:15849: checking sys/time.h usability
configure:15849: gcc -c -g -O2  conftest.c >&5
configure:15849: $? = 0
configure:15849: result: yes
configure:15849: checking sys/time.h presence
configure:15849: gcc -E  conftest.c
configure:15849: $? = 0
configure:15849: result: yes
configure:15849: checking for sys/time.h
configure:15849: result: yes
configure:15849: checking syslog.h usability
configure:15849: gcc -c -g -O2  conftest.c >&5
configure:15849: $? = 0
configure:15849: result: yes
configure:15849: checking syslog.h presence
configure:15849: gcc -E  conftest.c
configure:15849: $? = 0
configure:15849: result: yes
configure:15849: checking for syslog.h
configure:15849: result: yes
configure:15849: checking for unistd.h
configure:15849: result: yes
configure:15864: checking for an ANSI C-conforming const
configure:15930: gcc -c -g -O2  conftest.c >&5
configure:15930: $? = 0
configure:15937: result: yes
configure:15978: checking if g++ supports -fvisibility
configure:15997: g++ -c -g -O2 -fvisibility=hidden  conftest.cpp >&5
configure:15997: $? = 0
configure:16009: result: yes
configure:16019: checking if GCC precompiled-headers should be created
configure:16053: result: yes
configure:16122: checking arch flags
configure:16157: result: none
configure:16197: checking for rpcgen
configure:16213: found /usr/bin/rpcgen
configure:16225: result: yes
configure:16233: checking if RPC network support is available
configure:16249: result: yes
configure:16265: checking for pid_t
configure:16265: g++ -c -g -O2 -fvisibility=hidden  conftest.cpp >&5
configure:16265: $? = 0
configure:16265: g++ -c -g -O2 -fvisibility=hidden  conftest.cpp >&5
conftest.cpp: In function 'int main()':
conftest.cpp:69:19: error: expected primary-expression before ')' token
 if (sizeof ((pid_t)))
                   ^
configure:16265: $? = 1
configure: failed program was:
| /* confdefs.h */
| #define PACKAGE_NAME "SWDiag"
| #define PACKAGE_TARNAME "swdiag"
| #define PACKAGE_VERSION "trunk-r32"
| #define PACKAGE_STRING "SWDiag trunk-r32"
| #define PACKAGE_BUGREPORT "eddyg@myreflection.org"
| #define PACKAGE_URL ""
| #define PACKAGE "swdiag"
| #define VERSION "trunk-r32"
| #define STDC_HEADERS 1
| #define HAVE_SYS_TYPES_H 1
| #define HAVE_SYS_STAT_H 1
| #define HAVE_STDLIB_H 1
| #define HAVE_STRING_H 1
| #define HAVE_MEMORY_H 1
| #define HAVE_STRINGS_H 1
| #define HAVE_INTTYPES_H 1
| #define HAVE_STDINT_H 1
| #define HAVE_UNISTD_H 1
| #define HAVE_DLFCN_H 1
| #define LT_OBJDIR ".libs/"
| #define STDC_HEADERS 1
| #define HAVE_FCNTL_H 1
| #define HAVE_MALLOC_H 1
| #define HAVE_NETDB_H 1
| #define HAVE_STDINT_H 1
| #define HAVE_STDLIB_H 1
| #define HAVE_STRING_H 1
| #define HAVE_SYS_TIME_H 1
| #define HAVE_SYSLOG_H 1
| #define HAVE_UNISTD_H 1
| /* end confdefs.h.  */
| #include <stdio.h>
| #ifdef HAVE_SYS_TYPES_H
| # include <sys/types.h>
| #endif
| #ifdef HAVE_SYS_STAT_H
| # include <sys/stat.h>
| #endif
| #ifdef STDC_HEADERS
| # include <stdlib.h>
| # include <stddef.h>
| #else
| # ifdef HAVE_STDLIB_H
| #  include <stdlib.h>
| # endif
| #endif
| #ifdef HAVE_STRING_H
| # if !defined STDC_HEADERS && defined HAVE_MEMORY_H
| #  include <memory.h>
| # endif
| # include <string.h>
| #endif
| #ifdef HAVE_STRINGS_H
| # include <strings.h>
| #endif
| #ifdef HAVE_INTTYPES_H
| # include <inttypes.h>
| #endif
| #ifdef HAVE_STDINT_H
| # include <stdint.h>
| #endif
| #ifdef HAVE_UNISTD_H
| # include <unistd.h>
| #endif
| int
| main ()
| {
| if (sizeof ((pid_t)))
| 	    return 0;
|   ;
|   return 0;
| }
configure:16265: result: yes
configure:16279: checking vfork.h usability
configure:16279: g++ -c -g -O2 -fvisibility=hidden  conftest.cpp >&5
conftest.cpp:66:19: fatal error: vfork.h: No such file or directory
 #include <vfork.h>
                   ^
compilation terminated.
configure:16279: $? = 1
configure: failed program was:
| /* confdefs.h */
| #define PACKAGE_NAME "SWDiag"
| #define PACKAGE_TARNAME "swdiag"
| #define PACKAGE_VERSION "trunk-r32"
| #define PACKAGE_STRING "SWDiag trunk-r32"
| #define PACKAGE_BUGREPORT "eddyg@myreflection.org"
| #define PACKAGE_URL ""
| #define PACKAGE "swdiag"
| #define VERSION "trunk-r32"
| #define STDC_HEADERS 1
| #define HAVE_SYS_TYPES_H 1
| #define HAVE_SYS_STAT_H 1
| #define HAVE_STDLIB_H 1
| #define HAVE_STRING_H 1
| #define HAVE_MEMORY_H 1
| #define HAVE_STRINGS_H 1
| #define HAVE_INTTYPES_H 1
| #define HAVE_STDINT_H 1
| #define HAVE_UNISTD_H 1
| #define HAVE_DLFCN_H 1
| #define LT_OBJDIR ".libs/"
| #define STDC_HEADERS 1
| #define HAVE_FCNTL_H 1
| #define HAVE_MALLOC_H 1
| #define HAVE_NETDB_H 1
| #define HAVE_STDINT_H 1
| #define HAVE_STDLIB_H 1
| #define HAVE_STRING_H 1
| #define HAVE_SYS_TIME_H 1
| #define HAVE_SYSLOG_H 1
| #define HAVE_UNISTD_H 1
| /* end confdefs.h.  */
| #include <stdio.h>
| #ifdef HAVE_SYS_TYPES_H
| # include <sys/types.h>
| #endif
| #ifdef HAVE_SYS_STAT_H
| # include <sys/stat.h>
| #endif
| #ifdef STDC_HEADERS
| # include <stdlib.h>
| # include <stddef.h>
| #else
| # ifdef HAVE_STDLIB_H
| #  include <stdlib.h>
| # endif
| #endif
| #ifdef HAVE_STRING_H
| # if !defined STDC_HEADERS && defined HAVE_MEMORY_H
| #  include <memory.h>
| # endif
| # include <string.h>
| #endif
| #ifdef HAVE_STRINGS_H
| # include <strings.h>
| #endif
| #ifdef HAVE_INTTYPES_H
| # include <inttypes.h>
| #endif
| #ifdef HAVE_STDINT_H
| # include <stdint.h>
| #endif
| #ifdef HAVE_UNISTD_H
| # include <unistd.h>
| #endif
| #include <vfork.h>
configure:16279: result: no
configure:16279: checking vfork.h presence
configure:16279: g++ -E  conftest.cpp
conftest.cpp:33:19: fatal error: vfork.h: No such file or directory
 #include <vfork.h>
                   ^
compilation terminated.
configure:16279: $? = 1
configure: failed program was:
| /* confdefs.h */
| #define PACKAGE_NAME "SWDiag"
| #define PACKAGE_TARNAME "swdiag"
| #define PACKAGE_VERSION "trunk-r32"
| #define PACKAGE_STRING "SWDiag trunk-r32"
| #define PACKAGE_BUGREPORT "eddyg@myreflection.org"
| #define PACKAGE_URL ""
| #define PACKAGE "swdiag"
| #define VERSION "trunk-r32"
| #define STDC_HEADERS 1
| #define HAVE_SYS_TYPES_H 1
| #define HAVE_SYS_STAT_H 1
| #define HAVE_STDLIB_H 1
| #define HAVE_STRING_H 1
| #define HAVE_MEMORY_H 1
| #define HAVE_STRINGS_H 1
| #define HAVE_INTTYPES_H 1
| #define HAVE_STDINT_H 1
| #define HAVE_UNISTD_H 1
| #define HAVE_DLFCN_H 1
| #define LT_OBJDIR ".libs/"
| #define STDC_HEADERS 1
| #define HAVE_FCNTL_H 1
| #define HAVE_MALLOC_H 1
| #define HAVE_NETDB_H 1
| #define HAVE_STDINT_H 1
| #define HAVE_STDLIB_H 1
| #define HAVE_STRING_H 1
| #define HAVE_SYS_TIME_H 1
| #define HAVE_SYSLOG_H 1
| #define HAVE_UNISTD_H 1
| /* end confdefs.h.  */
| #include <vfork.h>
configure:16279: result: no
configure:16279: checking for vfork.h
configure:16279: result: no
configure:16292: checking for fork
configure:16292: g++ -o conftest -g -O2 -fvisibility=hidden   conftest.cpp  >&5
configure:16292: $? = 0
configure:16292: result: yes
configure:16292: checking for vfork
configure:16292: g++ -o conftest -g -O2 -fvisibility=hidden   conftest.cpp  >&5
configure:16292: $? = 0
configure:16292: result: yes
configure:16302: checking for working fork
configure:16324: g++ -o conftest -g -O2 -fvisibility=hidden   conftest.cpp  >&5
configure:16324: $? = 0
configure:16324: ./conftest
configure:16324: $? = 0
configure:16334: result: yes
configure:16355: checking for working vfork
configure:16465: result: yes
configure:16492: checking for stdlib.h
configure:16492: result: yes
configure:16502: checking for GNU libc compatible malloc
configure:16526: g++ -o conftest -g -O2 -fvisibility=hidden   conftest.cpp  >&5
configure:16526: $? = 0
configure:16526: ./conftest
configure:16526: $? = 0
configure:16536: result: yes
configure:16557: checking return type of signal handlers
configure:16575: g++ -c -g -O2 -fvisibility=hidden  conftest.cpp >&5
conftest.cpp: In function 'int main()':
conftest.cpp:45:22: error: void value not ignored as it ought to be
 return *(signal (0, 0)) (0) == 1;
                      ^
configure:16575: $? = 1
configure: failed program was:
| /* confdefs.h */
| #define PACKAGE_NAME "SWDiag"
| #define PACKAGE_TARNAME "swdiag"
| #define PACKAGE_VERSION "trunk-r32"
| #define PACKAGE_STRING "SWDiag trunk-r32"
| #define PACKAGE_BUGREPORT "eddyg@myreflection.org"
| #define PACKAGE_URL ""
| #define PACKAGE "swdiag"
| #define VERSION "trunk-r32"
| #define STDC_HEADERS 1
| #define HAVE_SYS_TYPES_H 1
| #define HAVE_SYS_STAT_H 1
| #define HAVE_STDLIB_H 1
| #define HAVE_STRING_H 1
| #define HAVE_MEMORY_H 1
| #define HAVE_STRINGS_H 1
| #define HAVE_INTTYPES_H 1
| #define HAVE_STDINT_H 1
| #define HAVE_UNISTD_H 1
| #define HAVE_DLFCN_H 1
| #define LT_OBJDIR ".libs/"
| #define STDC_HEADERS 1
| #define HAVE_FCNTL_H 1
| #define HAVE_MALLOC_H 1
| #define HAVE_NETDB_H 1
| #define HAVE_STDINT_H 1
| #define HAVE_STDLIB_H 1
| #define HAVE_STRING_H 1
| #define HAVE_SYS_TIME_H 1
| #define HAVE_SYSLOG_H 1
| #define HAVE_UNISTD_H 1
| #define HAVE_FORK 1
| #define HAVE_VFORK 1
| #define HAVE_WORKING_VFORK 1
| #define HAVE_WORKING_FORK 1
| #define HAVE_STDLIB_H 1
| #define HAVE_MALLOC 1
| /* end confdefs.h.  */
| #include <sys/types.h>
| #include <signal.h>
| 
| int
| main ()
| {
| return *(signal (0, 0)) (0) == 1;
|   ;
|   return 0;
| }
configure:16582: result: void
configure:16593: checking for clock_gettime
configure:16593: g++ -o conftest -g -O2 -fvisibility=hidden   conftest.cpp  >&5
configure:16593: $? = 0
configure:16593: result: yes
configure:16593: checking for gethostname
configure:16593: g++ -o conftest -g -O2 -fvisibility=hidden   conftest.cpp  >&5
configure:16593: $? = 0
configure:16593: result: yes
configure:16593: checking for strchr
configure:16593: g++ -o conftest -g -O2 -fvisibility=hidden   conftest.cpp  >&5
configure:16593: $? = 0
configure:16593: result: yes
configure:16593: checking for strdup
configure:16593: g++ -o conftest -g -O2 -fvisibility=hidden   conftest.cpp  >&5
configure:16593: $? = 0
configure:16593: result: yes
configure:16593: checking for strerror
configure:16593: g++ -o conftest -g -O2 -fvisibility=hidden   conftest.cpp  >&5
configure:16593: $? = 0
configure:16593: result: yes
configure:16774: checking that generated files are newer than configure
configure:16780: result: done
configure:16827: creating ./config.status

## ---------------------- ##
## Running config.status. ##
## ---------------------- ##

This file was extended by SWDiag config.status trunk-r32, which was
generated by GNU Autoconf 2.69.  Invocation command line was

  CONFIG_FILES    = 
  CONFIG_HEADERS  = 
  CONFIG_LINKS    = 
  CONFIG_COMMANDS = 
  $ ./config.status 

on dinkum

config.status:1213: creating Makefile
config.status:1213: creating include/project.h
config.status:1213: creating project/project.m4
config.status:1213: creating src/config.h
config.status:1427: executing depfiles commands
config.status:1427: executing libtool commands

## ---------------- ##
## Cache variables. ##
## ---------------- ##

ac_cv_build=x86_64-unknown-linux-gnu
ac_cv_c_compiler_gnu=yes
ac_cv_c_const=yes
ac_cv_cxx_compiler_gnu=yes
ac_cv_env_CCC_set=
ac_cv_env_CCC_value=
ac_cv_env_CC_set=
ac_cv_env_CC_value=
ac_cv_env_CFLAGS_set=
ac_cv_env_CFLAGS_value=
ac_cv_env_CPPFLAGS_set=
ac_cv_env_CPPFLAGS_value=
ac_cv_env_CPP_set=
ac_cv_env_CPP_value=
ac_cv_env_CXXCPP_set=
ac_cv_env_CXXCPP_value=
ac_cv_env_CXXFLAGS_set=
ac_cv_env_CXXFLAGS_value=
ac_cv_env_CXX_set=
ac_cv_env_CXX_value=
ac_cv_env_LDFLAGS_set=
ac_cv_env_LDFLAGS_value=
ac_cv_env_LIBS_set=
ac_cv_env_LIBS_value=
ac_cv_env_build_alias_set=
ac_cv_env_build_alias_value=
ac_cv_env_host_alias_set=
ac_cv_env_host_alias_value=
ac_cv_env_target_alias_set=
ac_cv_env_target_alias_value=
ac_cv_func_clock_gettime=yes
ac_cv_func_fork=yes
ac_cv_func_fork_works=yes
ac_cv_func_gethostname=yes
ac_cv_func_malloc_0_nonnull=yes
ac_cv_func_strchr=yes
ac_cv_func_strdup=yes
ac_cv_func_strerror=yes
ac_cv_func_vfork=yes
ac_cv_func_vfork_works=yes
ac_cv_header_dlfcn_h=yes
ac_cv_header_fcntl_h=yes
ac_cv_header_inttypes_h=yes
ac_cv_header_malloc_h=yes
ac_cv_header_memory_h=yes
ac_cv_header_netdb_h=yes
ac_cv_header_stdc=yes
ac_cv_header_stdint_h=yes
ac_cv_header_stdlib_h=yes
ac_cv_header_string_h=yes
ac_cv_header_strings_h=yes
ac_cv_header_sys_stat_h=yes
ac_cv_header_sys_time_h=yes
ac_cv_header_sys_types_h=yes
ac_cv_header_syslog_h=yes
ac_cv_header_unistd_h=yes
ac_cv_header_vfork_h=no
ac_cv_host=x86_64-unknown-linux-gnu
ac_cv_objext=o
ac_cv_path_EGREP='/bin/grep -E'
ac_cv_path_FGREP='/bin/grep -F'
ac_cv_path_GREP=/bin/grep
ac_cv_path_SED=/bin/sed
ac_cv_path_install='/usr/bin/install -c'
ac_cv_path_mkdir=/bin/mkdir
ac_cv_prog_AWK=mawk
ac_cv_prog_CPP='gcc -E'
ac_cv_prog_CXXCPP='g++ -E'
ac_cv_prog_FOUND_RPCGEN=yes
ac_cv_prog_ac_ct_AR=ar
ac_cv_prog_ac_ct_CC=gcc
ac_cv_prog_ac_ct_CXX=g++
ac_cv_prog_ac_ct_MANIFEST_TOOL=mt
ac_cv_prog_ac_ct_OBJDUMP=objdump
ac_cv_prog_ac_ct_RANLIB=ranlib
ac_cv_prog_ac_ct_STRIP=strip
ac_cv_prog_cc_c89=
ac_cv_prog_cc_g=yes
ac_cv_prog_cc_gcc_c_o=yes
ac_cv_prog_cxx_g=yes
ac_cv_prog_make_make_set=yes
ac_cv_type_pid_t=yes
ac_cv_type_signal=void
am_cv_CC_dependencies_compiler_type=none
am_cv_CXX_dependencies_compiler_type=none
am_cv_make_support_nested_variables=yes
lt_cv_ar_at_file=@
lt_cv_archive_cmds_need_lc=no
lt_cv_deplibs_check_method=pass_all
lt_cv_file_magic_cmd='$MAGIC_CMD'
lt_cv_file_magic_test_file=
lt_cv_ld_reload_flag=-r
lt_cv_nm_interface='BSD nm'
lt_cv_objdir=.libs
lt_cv_path_LD=/usr/bin/ld
lt_cv_path_LDCXX='/usr/bin/ld -m elf_x86_64'
lt_cv_path_NM='/usr/bin/nm -B'
lt_cv_path_mainfest_tool=no
lt_cv_prog_compiler_c_o=yes
lt_cv_prog_compiler_c_o_CXX=yes
lt_cv_prog_compiler_pic='-fPIC -DPIC'
lt_cv_prog_compiler_pic_CXX='-fPIC -DPIC'
lt_cv_prog_compiler_pic_works=yes
lt_cv_prog_compiler_pic_works_CXX=yes
lt_cv_prog_compiler_rtti_exceptions=no
lt_cv_prog_compiler_static_works=yes
lt_cv_prog_compiler_static_works_CXX=yes
lt_cv_prog_gnu_ld=yes
lt_cv_prog_gnu_ldcxx=yes
lt_cv_sharedlib_from_linklib_cmd='printf %s\n'
lt_cv_shlibpath_overrides_runpath=no
lt_cv_sys_global_symbol_pipe='sed -n -e '\''s/^.*[	 ]\([ABCDGIRSTW][ABCDGIRSTW]*\)[	 ][	 ]*\([_A-Za-z][_A-Za-z0-9]*\)$/\1 \2 \2/p'\'' | sed '\''/ __gnu_lto/d'\'''
lt_cv_sys_global_symbol_to_c_name_address='sed -n -e '\''s/^: \([^ ]*\)[ ]*$/  {\"\1\", (void *) 0},/p'\'' -e '\''s/^[ABCDGIRSTW]* \([^ ]*\) \([^ ]*\)$/  {"\2", (void *) \&\2},/p'\'''
lt_cv_sys_global_symbol_to_c_name_address_lib_prefix='sed -n -e '\''s/^: \([^ ]*\)[ ]*$/  {\"\1\", (void *) 0},/p'\'' -e '\''s/^[ABCDGIRSTW]* \([^ ]*\) \(lib[^ ]*\)$/  {"\2", (void *) \&\2},/p'\'' -e '\''s/^[ABCDGIRSTW]* \([^ ]*\) \([^ ]*\)$/  {"lib\2", (void *) \&\2},/p'\'''
lt_cv_sys_global_symbol_to_cdecl='sed -n -e '\''s/^T .* \(.*\)$/extern int \1();/p'\'' -e '\''s/^[ABCDGIRSTW]* .* \(.*\)$/extern char \1;/p'\'''
lt_cv_sys_max_cmd_len=1572864
lt_cv_to_host_file_cmd=func_convert_file_noop
lt_cv_to_tool_file_cmd=func_convert_file_noop
x_cv_fvisibility=yes

## ----------------- ##
## Output variables. ##
## ----------------- ##

ACLOCAL='${SHELL} /home/eddyg/libswdiag/autoaux/missing aclocal-1.13'
ADD_MANS_FALSE='#'
ADD_MANS_TRUE=''
ADD_PLATFORM_POSIX_FALSE='#'
ADD_PLATFORM_POSIX_TRUE=''
ADD_PLATFORM_WIN32_FALSE=''
ADD_PLATFORM_WIN32_TRUE='#'
ADD_RPC_FALSE='#'
ADD_RPC_TRUE=''
ADD_SERVER_FALSE='#'
ADD_SERVER_TRUE=''
AMDEPBACKSLASH=''
AMDEP_FALSE=''
AMDEP_TRUE='#'
AMTAR='$${TAR-tar}'
AM_BACKSLASH='\'
AM_DEFAULT_V='$(AM_DEFAULT_VERBOSITY)'
AM_DEFAULT_VERBOSITY='1'
AM_V='$(V)'
AR='ar'
AUTOCONF='${SHELL} /home/eddyg/libswdiag/autoaux/missing autoconf'
AUTOHEADER='${SHELL} /home/eddyg/libswdiag/autoaux/missing autoheader'
AUTOMAKE='${SHELL} /home/eddyg/libswdiag/autoaux/missing automake-1.13'
AWK='mawk'
CC='gcc'
CCDEPMODE='depmode=none'
CFLAGS='-g -O2'
CPP='gcc -E'
CPPFLAGS=''
CXX='g++'
CXXCPP='g++ -E'
CXXDEPMODE='depmode=none'
CXXFLAGS='-g -O2 -fvisibility=hidden'
CYGPATH_W='echo'
DEFS='-DHAVE_CONFIG_H'
DEPDIR='.deps'
DLLTOOL='false'
DSYMUTIL=''
DUMPBIN=''
ECHO_C=''
ECHO_N='-n'
ECHO_T=''
EGREP='/bin/grep -E'
EXEEXT=''
FGREP='/bin/grep -F'
FOUND_RPCGEN='yes'
GREP='/bin/grep'
INSTALL_DATA='${INSTALL} -m 644'
INSTALL_PROGRAM='${INSTALL}'
INSTALL_SCRIPT='${INSTALL}'
INSTALL_STRIP_PROGRAM='$(install_sh) -c -s'
LD='/usr/bin/ld -m elf_x86_64'
LDFLAGS=''
LIBOBJS=''
LIBS=''
LIBTOOL='$(SHELL) $(top_builddir)/libtool'
LIPO=''
LN_S='ln -s'
LTLIBOBJS=''
MAKEINFO='${SHELL} /home/eddyg/libswdiag/autoaux/missing makeinfo'
MANIFEST_TOOL=':'
MKDIR_P='/bin/mkdir -p'
NM='/usr/bin/nm -B'
NMEDIT=''
OBJDUMP='objdump'
OBJEXT='o'
OTOOL64=''
OTOOL=''
PACKAGE='swdiag'
PACKAGE_BUGREPORT='eddyg@myreflection.org'
PACKAGE_NAME='SWDiag'
PACKAGE_STRING='SWDiag trunk-r32'
PACKAGE_TARNAME='swdiag'
PACKAGE_URL=''
PACKAGE_VERSION='trunk-r32'
PATH_SEPARATOR=':'
PROJECT_bugreport='<eddyg@myreflection.org>'
PROJECT_build='Wed Apr  2 17:52:47 NZDT 2014'
PROJECT_irc='irc://irc.freenode.net/libswdiag'
PROJECT_name='SWDiag'
PROJECT_name_formal='SWDiag trunk-r32'
PROJECT_name_lower='swdiag'
PROJECT_name_upper='SWDIAG'
PROJECT_repo_branch='trunk'
PROJECT_repo_date='2012-11-28 18:40:19 +1300 (Wed, 28 Nov 2012)'
PROJECT_repo_rev='32'
PROJECT_repo_root='https://libswdiag.googlecode.com/svn'
PROJECT_repo_type='developer'
PROJECT_repo_url='https://libswdiag.googlecode.com/svn/trunk'
PROJECT_repo_uuid='7c7dd246-b160-11de-a98d-d9ea7a772a8c'
PROJECT_url_discussion='http://groups.google.com/group/libswdiag'
PROJECT_url_downloads='http://code.google.com/p/libswdiag/downloads/list'
PROJECT_url_website='http://code.google.com/p/libswdiag'
PROJECT_version='trunk-r32'
PROJECT_version_hex='0x00010000'
PROJECT_version_major='1'
PROJECT_version_minor='0'
PROJECT_version_point='0'
RANLIB='ranlib'
SED='/bin/sed'
SET_MAKE=''
SHELL='/bin/bash'
STRIP='strip'
VERSION='trunk-r32'
X_CXX_ARCH=''
X_CXX_D=''
X_CXX_I=''
X_CXX_W=''
X_GCH='1'
X_GCH_FLAGS=''
X_GCH_SHARED='1'
X_GCH_SHARED_FLAGS=' -fPIC -DPIC'
X_GCH_STATIC='1'
X_GCH_STATIC_FLAGS='-static'
X_MINGW_LIBS=''
X_RPCGENOPTS='-MNC'
X_libmp4v2_la_LDFLAGS=''
ac_ct_AR='ar'
ac_ct_CC='gcc'
ac_ct_CXX='g++'
ac_ct_DUMPBIN=''
am__EXEEXT_FALSE=''
am__EXEEXT_TRUE='#'
am__fastdepCC_FALSE=''
am__fastdepCC_TRUE='#'
am__fastdepCXX_FALSE=''
am__fastdepCXX_TRUE='#'
am__include='include'
am__isrc=' -I$(srcdir)'
am__leading_dot='.'
am__nodep=''
am__quote=''
am__tar='$${TAR-tar} chof - "$$tardir"'
am__untar='$${TAR-tar} xf -'
bindir='${exec_prefix}/bin'
build='x86_64-unknown-linux-gnu'
build_alias=''
build_cpu='x86_64'
build_os='linux-gnu'
build_vendor='unknown'
datadir='${datarootdir}'
datarootdir='${prefix}/share'
docdir='${datarootdir}/doc/${PACKAGE_TARNAME}'
dvidir='${docdir}'
exec_prefix='${prefix}'
host='x86_64-unknown-linux-gnu'
host_alias=''
host_cpu='x86_64'
host_os='linux-gnu'
host_vendor='unknown'
htmldir='${docdir}'
includedir='${prefix}/include'
infodir='${datarootdir}/info'
install_sh='${SHELL} /home/eddyg/libswdiag/autoaux/install-sh'
libdir='${exec_prefix}/lib'
libexecdir='${exec_prefix}/libexec'
localedir='${datarootdir}/locale'
localstatedir='${prefix}/var'
mandir='${datarootdir}/man'
mkdir_p='$(MKDIR_P)'
oldincludedir='/usr/include'
pdfdir='${docdir}'
prefix='/usr/local'
program_transform_name='s,x,x,'
psdir='${docdir}'
sbindir='${exec_prefix}/sbin'
sharedstatedir='${prefix}/com'
sysconfdir='${prefix}/etc'
target_alias=''

## ----------- ##
## confdefs.h. ##
## ----------- ##

/* confdefs.h */
#define PACKAGE_NAME "SWDiag"
#define PACKAGE_TARNAME "swdiag"
#define PACKAGE_VERSION "trunk-r32"
#define PACKAGE_STRING "SWDiag trunk-r32"
#define PACKAGE_BUGREPORT "eddyg@myreflection.org"
#define PACKAGE_URL ""
#define PACKAGE "swdiag"
#define VERSION "trunk-r32"
#define STDC_HEADERS 1
#define HAVE_SYS_TYPES_H 1
#define HAVE_SYS_STAT_H 1
#define HAVE_STDLIB_H 1
#define HAVE_STRING_H 1
#define HAVE_MEMORY_H 1
#define HAVE_STRINGS_H 1
#define HAVE_INTTYPES_H 1
#define HAVE_STDINT_H 1
#define HAVE_UNISTD_H 1
#define HAVE_DLFCN_H 1
#define LT_OBJDIR ".libs/"
#define STDC_HEADERS 1
#define HAVE_FCNTL_H 1
#define HAVE_MALLOC_H 1
#define HAVE_NETDB_H 1
#define HAVE_STDINT_H 1
#define HAVE_STDLIB_H 1
#define HAVE_STRING_H 1
#define HAVE_SYS_TIME_H 1
#define HAVE_SYSLOG_H 1
#define HAVE_UNISTD_H 1
#define HAVE_FORK 1
#define HAVE_VFORK 1
#define HAVE_WORKING_VFORK 1
#define HAVE_WORKING_FORK 1
#define HAVE_STDLIB_H 1
#define HAVE_MALLOC 1
#define RETSIGTYPE void
#define HAVE_CLOCK_GETTIME 1
#define HAVE_GETHOSTNAME 1
#define HAVE_STRCHR 1
#define HAVE_STRDUP 1
#define HAVE_STRERROR 1

configure: exit 0
